# JRE version: Java(TM) SE Runtime Environment (8.0_171-b11) (build 1.8.0_171-b11)
# Java VM: Java HotSpot(TM) 64-Bit Server VM (25.171-b11 mixed mode windows-amd64 compressed oops)
Heap:
 PSYoungGen      total 75776K, used 6709K [0x00000000eb300000, 0x00000000f4800000, 0x0000000100000000)
  eden space 64512K, 10% used [0x00000000eb300000,0x00000000eb98d5c0,0x00000000ef200000)
  from space 11264K, 0% used [0x00000000ef200000,0x00000000ef200000,0x00000000efd00000)
  to   space 11776K, 0% used [0x00000000f3c80000,0x00000000f3c80000,0x00000000f4800000)
 ParOldGen       total 47616K, used 16750K [0x00000000c1800000, 0x00000000c4680000, 0x00000000eb300000)
  object space 47616K, 35% used [0x00000000c1800000,0x00000000c285bbe0,0x00000000c4680000)
 Metaspace       used 20936K, capacity 21690K, committed 21936K, reserved 1069056K
  class space    used 2612K, capacity 2924K, committed 2992K, reserved 1048576K
GC Heap History (10 events):
Event: 2.032 GC heap before
{Heap before GC invocations=4 (full 0):
 PSYoungGen      total 18944K, used 18938K [0x00000000eb300000, 0x00000000ed800000, 0x0000000100000000)
  eden space 16384K, 100% used [0x00000000eb300000,0x00000000ec300000,0x00000000ec300000)
  from space 2560K, 99% used [0x00000000ec300000,0x00000000ec57e830,0x00000000ec580000)
  to   space 2560K, 0% used [0x00000000ed580000,0x00000000ed580000,0x00000000ed800000)
 ParOldGen       total 44032K, used 3287K [0x00000000c1800000, 0x00000000c4300000, 0x00000000eb300000)
  object space 44032K, 7% used [0x00000000c1800000,0x00000000c1b35e98,0x00000000c4300000)
 Metaspace       used 13531K, capacity 13620K, committed 13824K, reserved 1060864K
  class space    used 1509K, capacity 1533K, committed 1536K, reserved 1048576K
Event: 2.045 GC heap after
Heap after GC invocations=4 (full 0):
 PSYoungGen      total 35328K, used 2528K [0x00000000eb300000, 0x00000000ed800000, 0x0000000100000000)
  eden space 32768K, 0% used [0x00000000eb300000,0x00000000eb300000,0x00000000ed300000)
  from space 2560K, 98% used [0x00000000ed580000,0x00000000ed7f8040,0x00000000ed800000)
  to   space 2560K, 0% used [0x00000000ed300000,0x00000000ed300000,0x00000000ed580000)
 ParOldGen       total 44032K, used 6157K [0x00000000c1800000, 0x00000000c4300000, 0x00000000eb300000)
  object space 44032K, 13% used [0x00000000c1800000,0x00000000c1e035a0,0x00000000c4300000)
 Metaspace       used 13531K, capacity 13620K, committed 13824K, reserved 1060864K
  class space    used 1509K, capacity 1533K, committed 1536K, reserved 1048576K
}
Event: 9.997 GC heap before
{Heap before GC invocations=5 (full 0):
 PSYoungGen      total 35328K, used 35296K [0x00000000eb300000, 0x00000000ed800000, 0x0000000100000000)
  eden space 32768K, 100% used [0x00000000eb300000,0x00000000ed300000,0x00000000ed300000)
  from space 2560K, 98% used [0x00000000ed580000,0x00000000ed7f8040,0x00000000ed800000)
  to   space 2560K, 0% used [0x00000000ed300000,0x00000000ed300000,0x00000000ed580000)
 ParOldGen       total 44032K, used 6157K [0x00000000c1800000, 0x00000000c4300000, 0x00000000eb300000)
  object space 44032K, 13% used [0x00000000c1800000,0x00000000c1e035a0,0x00000000c4300000)
 Metaspace       used 15110K, capacity 15528K, committed 15616K, reserved 1062912K
  class space    used 1826K, capacity 2033K, committed 2048K, reserved 1048576K
Event: 10.046 GC heap after
Heap after GC invocations=5 (full 0):
 PSYoungGen      total 35328K, used 2528K [0x00000000eb300000, 0x00000000f0700000, 0x0000000100000000)
  eden space 32768K, 0% used [0x00000000eb300000,0x00000000eb300000,0x00000000ed300000)
  from space 2560K, 98% used [0x00000000ed300000,0x00000000ed578020,0x00000000ed580000)
  to   space 10240K, 0% used [0x00000000efd00000,0x00000000efd00000,0x00000000f0700000)
 ParOldGen       total 44032K, used 12899K [0x00000000c1800000, 0x00000000c4300000, 0x00000000eb300000)
  object space 44032K, 29% used [0x00000000c1800000,0x00000000c2498fc8,0x00000000c4300000)
 Metaspace       used 15110K, capacity 15528K, committed 15616K, reserved 1062912K
  class space    used 1826K, capacity 2033K, committed 2048K, reserved 1048576K
}
Event: 14.029 GC heap before
{Heap before GC invocations=6 (full 0):
 PSYoungGen      total 35328K, used 35296K [0x00000000eb300000, 0x00000000f0700000, 0x0000000100000000)
  eden space 32768K, 100% used [0x00000000eb300000,0x00000000ed300000,0x00000000ed300000)
  from space 2560K, 98% used [0x00000000ed300000,0x00000000ed578020,0x00000000ed580000)
  to   space 10240K, 0% used [0x00000000efd00000,0x00000000efd00000,0x00000000f0700000)
 ParOldGen       total 44032K, used 12899K [0x00000000c1800000, 0x00000000c4300000, 0x00000000eb300000)
  object space 44032K, 29% used [0x00000000c1800000,0x00000000c2498fc8,0x00000000c4300000)
 Metaspace       used 19115K, capacity 19832K, committed 19968K, reserved 1067008K
  class space    used 2366K, capacity 2705K, committed 2816K, reserved 1048576K
Event: 14.067 GC heap after
Heap after GC invocations=6 (full 0):
 PSYoungGen      total 74752K, used 7353K [0x00000000eb300000, 0x00000000f0900000, 0x0000000100000000)
  eden space 64512K, 0% used [0x00000000eb300000,0x00000000eb300000,0x00000000ef200000)
  from space 10240K, 71% used [0x00000000efd00000,0x00000000f042e458,0x00000000f0700000)
  to   space 11264K, 0% used [0x00000000ef200000,0x00000000ef200000,0x00000000efd00000)
 ParOldGen       total 44032K, used 12907K [0x00000000c1800000, 0x00000000c4300000, 0x00000000eb300000)
  object space 44032K, 29% used [0x00000000c1800000,0x00000000c249afc8,0x00000000c4300000)
 Metaspace       used 19115K, capacity 19832K, committed 19968K, reserved 1067008K
  class space    used 2366K, capacity 2705K, committed 2816K, reserved 1048576K
}
Event: 16.037 GC heap before
{Heap before GC invocations=7 (full 0):
 PSYoungGen      total 74752K, used 20284K [0x00000000eb300000, 0x00000000f0900000, 0x0000000100000000)
  eden space 64512K, 20% used [0x00000000eb300000,0x00000000ebfa0ec0,0x00000000ef200000)
  from space 10240K, 71% used [0x00000000efd00000,0x00000000f042e458,0x00000000f0700000)
  to   space 11264K, 0% used [0x00000000ef200000,0x00000000ef200000,0x00000000efd00000)
 ParOldGen       total 44032K, used 12907K [0x00000000c1800000, 0x00000000c4300000, 0x00000000eb300000)
  object space 44032K, 29% used [0x00000000c1800000,0x00000000c249afc8,0x00000000c4300000)
 Metaspace       used 20398K, capacity 21120K, committed 21296K, reserved 1067008K
  class space    used 2519K, capacity 2838K, committed 2864K, reserved 1048576K
Event: 16.066 GC heap after
Heap after GC invocations=7 (full 0):
 PSYoungGen      total 75776K, used 7856K [0x00000000eb300000, 0x00000000f4800000, 0x0000000100000000)
  eden space 64512K, 0% used [0x00000000eb300000,0x00000000eb300000,0x00000000ef200000)
  from space 11264K, 69% used [0x00000000ef200000,0x00000000ef9ac138,0x00000000efd00000)
  to   space 11776K, 0% used [0x00000000f3c80000,0x00000000f3c80000,0x00000000f4800000)
 ParOldGen       total 44032K, used 13394K [0x00000000c1800000, 0x00000000c4300000, 0x00000000eb300000)
  object space 44032K, 30% used [0x00000000c1800000,0x00000000c2514a30,0x00000000c4300000)
 Metaspace       used 20398K, capacity 21120K, committed 21296K, reserved 1067008K
  class space    used 2519K, capacity 2838K, committed 2864K, reserved 1048576K
}
Event: 16.066 GC heap before
{Heap before GC invocations=8 (full 1):
 PSYoungGen      total 75776K, used 7856K [0x00000000eb300000, 0x00000000f4800000, 0x0000000100000000)
  eden space 64512K, 0% used [0x00000000eb300000,0x00000000eb300000,0x00000000ef200000)
  from space 11264K, 69% used [0x00000000ef200000,0x00000000ef9ac138,0x00000000efd00000)
  to   space 11776K, 0% used [0x00000000f3c80000,0x00000000f3c80000,0x00000000f4800000)
 ParOldGen       total 44032K, used 13394K [0x00000000c1800000, 0x00000000c4300000, 0x00000000eb300000)
  object space 44032K, 30% used [0x00000000c1800000,0x00000000c2514a30,0x00000000c4300000)
 Metaspace       used 20398K, capacity 21120K, committed 21296K, reserved 1067008K
  class space    used 2519K, capacity 2838K, committed 2864K, reserved 1048576K
Event: 16.238 GC heap after
Heap after GC invocations=8 (full 1):
 PSYoungGen      total 75776K, used 0K [0x00000000eb300000, 0x00000000f4800000, 0x0000000100000000)
  eden space 64512K, 0% used [0x00000000eb300000,0x00000000eb300000,0x00000000ef200000)
  from space 11264K, 0% used [0x00000000ef200000,0x00000000ef200000,0x00000000efd00000)
  to   space 11776K, 0% used [0x00000000f3c80000,0x00000000f3c80000,0x00000000f4800000)
 ParOldGen       total 47616K, used 16750K [0x00000000c1800000, 0x00000000c4680000, 0x00000000eb300000)
  object space 47616K, 35% used [0x00000000c1800000,0x00000000c285bbe0,0x00000000c4680000)
 Metaspace       used 20398K, capacity 21120K, committed 21296K, reserved 1067008K
  class space    used 2519K, capacity 2838K, committed 2864K, reserved 1048576K
}

